<?xml version="1.0" encoding="UTF-8"?>
<!-- Generated by org.testng.reporters.JUnitReportReporter -->
<testsuite hostname="LAPTOP-E956GLFD" failures="0" tests="1" name="LoginTest_firefox" time="14.484" errors="0" timestamp="2021-12-11T08:16:16 IST" skipped="0">
  <testcase classname="LoginTest_firefox" name="logintest" time="14.484"/>
  <system-out/>
</testsuite> <!-- LoginTest_firefox -->
