<?xml version="1.0" encoding="UTF-8"?>
<!-- Generated by org.testng.reporters.JUnitReportReporter -->
<testsuite hostname="LAPTOP-E956GLFD" failures="0" tests="1" name="LoginTest" time="12.028" errors="0" timestamp="2021-12-11T08:13:01 IST" skipped="0">
  <testcase classname="LoginTest" name="logintest" time="12.028"/>
  <system-out/>
</testsuite> <!-- LoginTest -->
