<?xml version="1.0" encoding="UTF-8"?>
<!-- Generated by org.testng.reporters.JUnitReportReporter -->
<testsuite hostname="LAPTOP-E956GLFD" failures="0" tests="1" name="com.sel.sauce.JS_Ex" time="39.249" errors="0" timestamp="2021-12-18T07:41:25 IST" skipped="0">
  <testcase classname="com.sel.sauce.JS_Ex" name="js_executor" time="39.249"/>
  <system-out/>
</testsuite> <!-- com.sel.sauce.JS_Ex -->
