<?xml version="1.0" encoding="UTF-8"?>
<!-- Generated by org.testng.reporters.JUnitReportReporter -->
<testsuite hostname="LAPTOP-E956GLFD" failures="0" tests="1" name="LoginTest" time="10.111" errors="0" timestamp="2021-08-20T07:35:26 IST" skipped="0">
  <testcase classname="LoginTest" name="login" time="10.111"/>
  <system-out/>
</testsuite> <!-- LoginTest -->
