<?xml version="1.0" encoding="UTF-8"?>
<!-- Generated by org.testng.reporters.JUnitReportReporter -->
<testsuite hostname="LAPTOP-E956GLFD" failures="0" tests="1" name="Logout_Test" time="11.329" errors="0" timestamp="2021-08-20T07:35:26 IST" skipped="0">
  <testcase classname="Logout_Test" name="logout" time="11.329"/>
  <system-out/>
</testsuite> <!-- Logout_Test -->
