<?xml version="1.0" encoding="UTF-8"?>
<!-- Generated by org.testng.reporters.JUnitReportReporter -->
<testsuite hostname="LAPTOP-E956GLFD" failures="0" tests="1" name="Testng_Example" time="6.187" errors="0" timestamp="2021-12-08T21:10:52 IST" skipped="0">
  <testcase classname="Testng_Example" name="test" time="6.187"/>
  <system-out/>
</testsuite> <!-- Testng_Example -->
