<?xml version="1.0" encoding="UTF-8"?>
<!-- Generated by org.testng.reporters.JUnitReportReporter -->
<testsuite hostname="LAPTOP-E956GLFD" failures="0" tests="2" name="com.crm.tests.LoginTest" time="21.377" errors="0" timestamp="2021-12-09T22:09:54 IST" skipped="0">
  <testcase classname="com.crm.tests.LoginTest" name="logintest" time="8.245"/>
  <system-out/>
  <testcase classname="com.crm.tests.LoginTest" name="invalidlogintest" time="13.132"/>
  <system-out/>
</testsuite> <!-- com.crm.tests.LoginTest -->
