<?xml version="1.0" encoding="UTF-8"?>
<!-- Generated by org.testng.reporters.JUnitReportReporter -->
<testsuite hostname="LAPTOP-E956GLFD" failures="0" tests="1" name="com.crm.tests.FormsTest" time="25.985" errors="0" timestamp="2021-12-09T22:09:54 IST" skipped="0">
  <testcase classname="com.crm.tests.FormsTest" name="formTest" time="25.985"/>
  <system-out/>
</testsuite> <!-- com.crm.tests.FormsTest -->
