<?xml version="1.0" encoding="UTF-8"?>
<!-- Generated by org.testng.reporters.JUnitReportReporter -->
<testsuite hostname="LAPTOP-E956GLFD" failures="0" tests="1" name="LoginFirefoxTest" time="14.983" errors="0" timestamp="2021-12-15T07:31:45 IST" skipped="0">
  <testcase classname="LoginFirefoxTest" name="logintest" time="14.983"/>
  <system-out/>
</testsuite> <!-- LoginFirefoxTest -->
