<?xml version="1.0" encoding="UTF-8"?>
<!-- Generated by org.testng.reporters.JUnitReportReporter -->
<testsuite hostname="LAPTOP-E956GLFD" failures="0" tests="1" name="LoginChromeTest" time="11.095" errors="0" timestamp="2021-12-15T07:31:45 IST" skipped="0">
  <testcase classname="LoginChromeTest" name="logintest" time="11.095"/>
  <system-out/>
</testsuite> <!-- LoginChromeTest -->
