<?xml version="1.0" encoding="UTF-8"?>
<!-- Generated by org.testng.reporters.JUnitReportReporter -->
<testsuite hostname="LAPTOP-E956GLFD" failures="0" tests="1" name="com.sauce.tests.AddTocartTest" time="3.951" errors="0" timestamp="2021-12-14T07:37:14 IST" skipped="0">
  <testcase classname="com.sauce.tests.AddTocartTest" name="removeCart" time="3.951"/>
  <system-out/>
</testsuite> <!-- com.sauce.tests.AddTocartTest -->
