<?xml version="1.0" encoding="UTF-8"?>
<!-- Generated by org.testng.reporters.JUnitReportReporter -->
<testsuite hostname="LAPTOP-E956GLFD" failures="0" tests="2" name="com.sauce.tests.LoginTest" time="8.201" errors="0" timestamp="2021-12-10T08:35:14 IST" skipped="0">
  <testcase classname="com.sauce.tests.LoginTest" name="invalidlogintest" time="3.398"/>
  <system-out/>
  <testcase classname="com.sauce.tests.LoginTest" name="logintest" time="4.803"/>
  <system-out/>
</testsuite> <!-- com.sauce.tests.LoginTest -->
