<?xml version="1.0" encoding="UTF-8"?>
<!-- Generated by org.testng.reporters.JUnitReportReporter -->
<testsuite hostname="LAPTOP-E956GLFD" failures="0" tests="2" name="com.sauce.tests.LoginTest" time="9.434" errors="0" timestamp="2021-12-14T07:33:45 IST" skipped="0">
  <testcase classname="com.sauce.tests.LoginTest" name="logintest" time="3.594"/>
  <system-out/>
  <testcase classname="com.sauce.tests.LoginTest" name="invalidlogintest" time="5.840"/>
  <system-out/>
</testsuite> <!-- com.sauce.tests.LoginTest -->
