<?xml version="1.0" encoding="UTF-8"?>
<!-- Generated by org.testng.reporters.JUnitReportReporter -->
<testsuite skipped="0" hostname="LAPTOP-E956GLFD" name="AddToCartTest" tests="1" failures="0" timestamp="2021-12-18T08:20:45 IST" time="13.825" errors="0">
  <testcase name="addTocart" time="13.825" classname="AddToCartTest"/>
  <system-out/>
</testsuite> <!-- AddToCartTest -->
