<?xml version="1.0" encoding="UTF-8"?>
<!-- Generated by org.testng.reporters.JUnitReportReporter -->
<testsuite skipped="0" hostname="LAPTOP-E956GLFD" name="AddToCartTest" tests="1" failures="0" timestamp="2021-12-11T08:27:35 IST" time="11.257" errors="0">
  <testcase name="addTocart" time="11.257" classname="AddToCartTest"/>
  <system-out/>
</testsuite> <!-- AddToCartTest -->
