<?xml version="1.0" encoding="UTF-8"?>
<!-- Generated by org.testng.reporters.JUnitReportReporter -->
<testsuite skipped="0" hostname="LAPTOP-E956GLFD" name="LoginTest" tests="1" failures="0" timestamp="2021-11-10T20:17:39 IST" time="25.147" errors="0">
  <testcase name="logintest" time="25.147" classname="LoginTest"/>
  <system-out/>
</testsuite> <!-- LoginTest -->
