<?xml version="1.0" encoding="UTF-8"?>
<!-- Generated by org.testng.reporters.JUnitReportReporter -->
<testsuite hostname="LAPTOP-E956GLFD" failures="0" tests="1" name="com.sauce.tests.AddTocartTest" time="5.567" errors="0" timestamp="2021-12-09T08:22:26 IST" skipped="0">
  <testcase classname="com.sauce.tests.AddTocartTest" name="addTocart" time="5.567"/>
  <system-out/>
</testsuite> <!-- com.sauce.tests.AddTocartTest -->
