<?xml version="1.0" encoding="UTF-8"?>
<!-- Generated by org.testng.reporters.JUnitReportReporter -->
<testsuite hostname="LAPTOP-E956GLFD" failures="0" tests="1" name="com.sauce.tests.LogOutTest" time="5.918" errors="0" timestamp="2021-12-09T08:24:04 IST" skipped="0">
  <testcase classname="com.sauce.tests.LogOutTest" name="logout" time="5.918"/>
  <system-out/>
</testsuite> <!-- com.sauce.tests.LogOutTest -->
