<?xml version="1.0" encoding="UTF-8"?>
<!-- Generated by org.testng.reporters.JUnitReportReporter -->
<testsuite hostname="LAPTOP-E956GLFD" failures="0" tests="2" name="TestNg_Annotations" time="0.009" errors="0" timestamp="2021-12-09T08:26:10 IST" skipped="0">
  <testcase classname="TestNg_Annotations" name="testCase1" time="0.007"/>
  <system-out/>
  <testcase classname="TestNg_Annotations" name="testCase2" time="0.002"/>
  <system-out/>
</testsuite> <!-- TestNg_Annotations -->
