<?xml version="1.0" encoding="UTF-8"?>
<!-- Generated by org.testng.reporters.JUnitReportReporter -->
<testsuite hostname="LAPTOP-E956GLFD" failures="0" tests="1" name="LoginTest" time="31.825" errors="0" timestamp="2021-12-10T21:43:33 IST" skipped="0">
  <testcase classname="LoginTest" name="logintest" time="31.825"/>
  <system-out/>
</testsuite> <!-- LoginTest -->
