<?xml version="1.0" encoding="UTF-8"?>
<!-- Generated by org.testng.reporters.JUnitReportReporter -->
<testsuite hostname="LAPTOP-E956GLFD" failures="0" tests="1" name="AddToCartTest" time="10.808" errors="0" timestamp="2021-10-23T20:33:04 IST" skipped="0">
  <testcase classname="AddToCartTest" name="addTocart" time="10.808"/>
  <system-out/>
</testsuite> <!-- AddToCartTest -->
